2018-01-16 23:03:19,795
      [8] DEBUG PayPal.Api.PayPalResource [(null)] Content-Type:application/x-www-form-urlencoded
2018-01-16 23:03:19,805
      [8] DEBUG PayPal.Api.PayPalResource [(null)] User-Agent:PayPalSDK/PayPal-NET-SDK 1.9.1 (lang=DOTNET;v=4.5.1;clr=4.0.30319.42000;bit=64;os=Microsoft Windows NT 6.2.9200.0)
2018-01-16 23:03:19,805
      [8] DEBUG PayPal.Api.PayPalResource [(null)] Authorization:Basic QVZNamlaNlMwZVFwSVl1eWRWY3ZZWERlbFRxbHAxbDhWUXI3WW9SVXZ4dkU4TTBWR3ZNTjdobFQ0TXRjdS1kdUNoLXZQYWcxWVE4UFJFYkg6RUZkTkM0dFhjblpvQWw1b1hNNFVyMG40MTkxeDJwcnVfT0o1Ql9menhadGhmRVRYWXhhYk5rR0cyeDJJWnVWT0hpblRGSV9qcGhuZ202Z04=
2018-01-16 23:03:19,805
      [8] DEBUG PayPal.Api.PayPalResource [(null)] PayPal-Request-Id:08251774-8f3f-43cd-b633-1aa50819ada9
2018-01-16 23:03:20,101
      [8] DEBUG PayPal.Api.HttpConnection [(null)] grant_type=client_credentials
2018-01-16 23:03:21,348
      [8] DEBUG PayPal.Api.HttpConnection [(null)] Service response: 
2018-01-16 23:03:21,348
      [8] DEBUG PayPal.Api.HttpConnection [(null)] {"scope":"https://uri.paypal.com/services/disputes/read-seller https://uri.paypal.com/services/subscriptions https://api.paypal.com/v1/payments/.* https://uri.paypal.com/services/disputes/read-buyer https://api.paypal.com/v1/vault/credit-card https://uri.paypal.com/services/applications/webhooks openid https://uri.paypal.com/payments/payouts https://uri.paypal.com/services/disputes/update-seller https://api.paypal.com/v1/vault/credit-card/.*","nonce":"2018-01-16T15:03:22ZUGR6JFtCQN0FVsAYbQeczpWebyUoOBGKcjX6aLhsuVk","access_token":"A21AAHnqT3QgMrPTD1bN8a67_9S4Ww3QQaaxUhYsuV3RiDjFmFDNbmQgwa8wVlJRb234iiDbQI92EEMR4HdQg8Q_wc_yP5KcQ","token_type":"Bearer","app_id":"APP-80W284485P519543T","expires_in":32400}
2018-01-16 23:03:21,509
      [8] DEBUG PayPal.Api.PayPalResource [(null)] Content-Type:application/json
2018-01-16 23:03:21,509
      [8] DEBUG PayPal.Api.PayPalResource [(null)] User-Agent:PayPalSDK/PayPal-NET-SDK 1.9.1 (lang=DOTNET;v=4.5.1;clr=4.0.30319.42000;bit=64;os=Microsoft Windows NT 6.2.9200.0)
2018-01-16 23:03:21,509
      [8] DEBUG PayPal.Api.PayPalResource [(null)] Authorization:Bearer A21AAHnqT3QgMrPTD1bN8a67_9S4Ww3QQaaxUhYsuV3RiDjFmFDNbmQgwa8wVlJRb234iiDbQI92EEMR4HdQg8Q_wc_yP5KcQ
2018-01-16 23:03:21,509
      [8] DEBUG PayPal.Api.PayPalResource [(null)] PayPal-Request-Id:d708969f-17b9-48d4-b40a-c644554d7268
2018-01-16 23:03:21,709
      [8] DEBUG PayPal.Api.HttpConnection [(null)] {"intent":"sale","payer":{"payment_method":"paypal"},"transactions":[{"amount":{"currency":"USD","total":"7","details":{"subtotal":"5","shipping":"1","tax":"1"}},"description":"Transaction description.","invoice_number":"your invoice number","item_list":{"items":[{"sku":"sku","name":"Item Name","quantity":"1","price":"5","currency":"USD"}]}}],"redirect_urls":{"return_url":"http://localhost:55183/Paypal/PaymentWithPayPal?guid=74449","cancel_url":"http://localhost:55183/Paypal/PaymentWithPayPal?guid=74449"}}
2018-01-16 23:03:22,630
      [8] DEBUG PayPal.Api.HttpConnection [(null)] Service response: 
2018-01-16 23:03:22,630
      [8] DEBUG PayPal.Api.HttpConnection [(null)] {"id":"PAY-22N68101YN8460011LJPBIOY","intent":"sale","state":"created","payer":{"payment_method":"paypal"},"transactions":[{"amount":{"total":"7.00","currency":"USD","details":{"subtotal":"5.00","tax":"1.00","shipping":"1.00"}},"description":"Transaction description.","invoice_number":"your invoice number","item_list":{"items":[{"name":"Item Name","sku":"sku","price":"5.00","currency":"USD","quantity":1}]},"related_resources":[]}],"create_time":"2018-01-16T15:03:23Z","links":[{"href":"https://api.sandbox.paypal.com/v1/payments/payment/PAY-22N68101YN8460011LJPBIOY","rel":"self","method":"GET"},{"href":"https://www.sandbox.paypal.com/cgi-bin/webscr?cmd=_express-checkout&token=EC-6HW8078376202705B","rel":"approval_url","method":"REDIRECT"},{"href":"https://api.sandbox.paypal.com/v1/payments/payment/PAY-22N68101YN8460011LJPBIOY/execute","rel":"execute","method":"POST"}]}
